# JRE version: Java(TM) SE Runtime Environment (8.0_31-b13) (build 1.8.0_31-b13)
# Java VM: Java HotSpot(TM) 64-Bit Server VM (25.31-b07 mixed mode windows-amd64 compressed oops)
Heap:
 PSYoungGen      total 43008K, used 36662K [0x00000000d5d00000, 0x00000000da180000, 0x0000000100000000)
  eden space 32256K, 99% used [0x00000000d5d00000,0x00000000d7c3c458,0x00000000d7c80000)
  from space 10752K, 43% used [0x00000000d7c80000,0x00000000d81113d0,0x00000000d8700000)
  to   space 10752K, 0% used [0x00000000d9700000,0x00000000d9700000,0x00000000da180000)
 ParOldGen       total 62976K, used 9453K [0x0000000081600000, 0x0000000085380000, 0x00000000d5d00000)
  object space 62976K, 15% used [0x0000000081600000,0x0000000081f3b610,0x0000000085380000)
 Metaspace       used 27443K, capacity 28202K, committed 28416K, reserved 1073152K
  class space    used 3785K, capacity 4066K, committed 4096K, reserved 1048576K
GC Heap History (10 events):
Event: 18.764 GC heap before
{Heap before GC invocations=4 (full 0):
 PSYoungGen      total 38400K, used 38384K [0x00000000d5d00000, 0x00000000d8780000, 0x0000000100000000)
  eden space 33280K, 100% used [0x00000000d5d00000,0x00000000d7d80000,0x00000000d7d80000)
  from space 5120K, 99% used [0x00000000d7d80000,0x00000000d827c010,0x00000000d8280000)
  to   space 5120K, 0% used [0x00000000d8280000,0x00000000d8280000,0x00000000d8780000)
 ParOldGen       total 87552K, used 4496K [0x0000000081600000, 0x0000000086b80000, 0x00000000d5d00000)
  object space 87552K, 5% used [0x0000000081600000,0x0000000081a64260,0x0000000086b80000)
 Metaspace       used 19369K, capacity 19688K, committed 19968K, reserved 1067008K
  class space    used 2614K, capacity 2736K, committed 2816K, reserved 1048576K
Event: 18.781 GC heap after
Heap after GC invocations=4 (full 0):
 PSYoungGen      total 38400K, used 5088K [0x00000000d5d00000, 0x00000000d8780000, 0x0000000100000000)
  eden space 33280K, 0% used [0x00000000d5d00000,0x00000000d5d00000,0x00000000d7d80000)
  from space 5120K, 99% used [0x00000000d8280000,0x00000000d8778040,0x00000000d8780000)
  to   space 5120K, 0% used [0x00000000d7d80000,0x00000000d7d80000,0x00000000d8280000)
 ParOldGen       total 87552K, used 8017K [0x0000000081600000, 0x0000000086b80000, 0x00000000d5d00000)
  object space 87552K, 9% used [0x0000000081600000,0x0000000081dd4600,0x0000000086b80000)
 Metaspace       used 19369K, capacity 19688K, committed 19968K, reserved 1067008K
  class space    used 2614K, capacity 2736K, committed 2816K, reserved 1048576K
}
Event: 20.471 GC heap before
{Heap before GC invocations=5 (full 0):
 PSYoungGen      total 38400K, used 26870K [0x00000000d5d00000, 0x00000000d8780000, 0x0000000100000000)
  eden space 33280K, 65% used [0x00000000d5d00000,0x00000000d7245800,0x00000000d7d80000)
  from space 5120K, 99% used [0x00000000d8280000,0x00000000d8778040,0x00000000d8780000)
  to   space 5120K, 0% used [0x00000000d7d80000,0x00000000d7d80000,0x00000000d8280000)
 ParOldGen       total 87552K, used 8017K [0x0000000081600000, 0x0000000086b80000, 0x00000000d5d00000)
  object space 87552K, 9% used [0x0000000081600000,0x0000000081dd4600,0x0000000086b80000)
 Metaspace       used 20663K, capacity 21058K, committed 21248K, reserved 1067008K
  class space    used 2827K, capacity 2973K, committed 3072K, reserved 1048576K
Event: 20.494 GC heap after
Heap after GC invocations=5 (full 0):
 PSYoungGen      total 37888K, used 5088K [0x00000000d5d00000, 0x00000000d9100000, 0x0000000100000000)
  eden space 32768K, 0% used [0x00000000d5d00000,0x00000000d5d00000,0x00000000d7d00000)
  from space 5120K, 99% used [0x00000000d7d80000,0x00000000d8278040,0x00000000d8280000)
  to   space 10240K, 0% used [0x00000000d8700000,0x00000000d8700000,0x00000000d9100000)
 ParOldGen       total 87552K, used 10945K [0x0000000081600000, 0x0000000086b80000, 0x00000000d5d00000)
  object space 87552K, 12% used [0x0000000081600000,0x00000000820b0488,0x0000000086b80000)
 Metaspace       used 20663K, capacity 21058K, committed 21248K, reserved 1067008K
  class space    used 2827K, capacity 2973K, committed 3072K, reserved 1048576K
}
Event: 20.494 GC heap before
{Heap before GC invocations=6 (full 1):
 PSYoungGen      total 37888K, used 5088K [0x00000000d5d00000, 0x00000000d9100000, 0x0000000100000000)
  eden space 32768K, 0% used [0x00000000d5d00000,0x00000000d5d00000,0x00000000d7d00000)
  from space 5120K, 99% used [0x00000000d7d80000,0x00000000d8278040,0x00000000d8280000)
  to   space 10240K, 0% used [0x00000000d8700000,0x00000000d8700000,0x00000000d9100000)
 ParOldGen       total 87552K, used 10945K [0x0000000081600000, 0x0000000086b80000, 0x00000000d5d00000)
  object space 87552K, 12% used [0x0000000081600000,0x00000000820b0488,0x0000000086b80000)
 Metaspace       used 20663K, capacity 21058K, committed 21248K, reserved 1067008K
  class space    used 2827K, capacity 2973K, committed 3072K, reserved 1048576K
Event: 20.623 GC heap after
Heap after GC invocations=6 (full 1):
 PSYoungGen      total 37888K, used 0K [0x00000000d5d00000, 0x00000000d9100000, 0x0000000100000000)
  eden space 32768K, 0% used [0x00000000d5d00000,0x00000000d5d00000,0x00000000d7d00000)
  from space 5120K, 0% used [0x00000000d7d80000,0x00000000d7d80000,0x00000000d8280000)
  to   space 10240K, 0% used [0x00000000d8700000,0x00000000d8700000,0x00000000d9100000)
 ParOldGen       total 62976K, used 9437K [0x0000000081600000, 0x0000000085380000, 0x00000000d5d00000)
  object space 62976K, 14% used [0x0000000081600000,0x0000000081f37610,0x0000000085380000)
 Metaspace       used 20663K, capacity 21058K, committed 21248K, reserved 1067008K
  class space    used 2827K, capacity 2973K, committed 3072K, reserved 1048576K
}
Event: 22.129 GC heap before
{Heap before GC invocations=7 (full 1):
 PSYoungGen      total 37888K, used 32768K [0x00000000d5d00000, 0x00000000d9100000, 0x0000000100000000)
  eden space 32768K, 100% used [0x00000000d5d00000,0x00000000d7d00000,0x00000000d7d00000)
  from space 5120K, 0% used [0x00000000d7d80000,0x00000000d7d80000,0x00000000d8280000)
  to   space 10240K, 0% used [0x00000000d8700000,0x00000000d8700000,0x00000000d9100000)
 ParOldGen       total 62976K, used 9437K [0x0000000081600000, 0x0000000085380000, 0x00000000d5d00000)
  object space 62976K, 14% used [0x0000000081600000,0x0000000081f37610,0x0000000085380000)
 Metaspace       used 23978K, capacity 24516K, committed 24832K, reserved 1071104K
  class space    used 3257K, capacity 3462K, committed 3584K, reserved 1048576K
Event: 22.137 GC heap after
Heap after GC invocations=7 (full 1):
 PSYoungGen      total 42496K, used 3492K [0x00000000d5d00000, 0x00000000da300000, 0x0000000100000000)
  eden space 32256K, 0% used [0x00000000d5d00000,0x00000000d5d00000,0x00000000d7c80000)
  from space 10240K, 34% used [0x00000000d8700000,0x00000000d8a691d8,0x00000000d9100000)
  to   space 10752K, 0% used [0x00000000d7c80000,0x00000000d7c80000,0x00000000d8700000)
 ParOldGen       total 62976K, used 9445K [0x0000000081600000, 0x0000000085380000, 0x00000000d5d00000)
  object space 62976K, 14% used [0x0000000081600000,0x0000000081f39610,0x0000000085380000)
 Metaspace       used 23978K, capacity 24516K, committed 24832K, reserved 1071104K
  class space    used 3257K, capacity 3462K, committed 3584K, reserved 1048576K
}
Event: 25.706 GC heap before
{Heap before GC invocations=8 (full 1):
 PSYoungGen      total 42496K, used 35748K [0x00000000d5d00000, 0x00000000da300000, 0x0000000100000000)
  eden space 32256K, 100% used [0x00000000d5d00000,0x00000000d7c80000,0x00000000d7c80000)
  from space 10240K, 34% used [0x00000000d8700000,0x00000000d8a691d8,0x00000000d9100000)
  to   space 10752K, 0% used [0x00000000d7c80000,0x00000000d7c80000,0x00000000d8700000)
 ParOldGen       total 62976K, used 9445K [0x0000000081600000, 0x0000000085380000, 0x00000000d5d00000)
  object space 62976K, 14% used [0x0000000081600000,0x0000000081f39610,0x0000000085380000)
 Metaspace       used 25368K, capacity 26090K, committed 26240K, reserved 1071104K
  class space    used 3425K, capacity 3703K, committed 3712K, reserved 1048576K
Event: 25.721 GC heap after
Heap after GC invocations=8 (full 1):
 PSYoungGen      total 43008K, used 4676K [0x00000000d5d00000, 0x00000000da180000, 0x0000000100000000)
  eden space 32256K, 0% used [0x00000000d5d00000,0x00000000d5d00000,0x00000000d7c80000)
  from space 10752K, 43% used [0x00000000d7c80000,0x00000000d81113d0,0x00000000d8700000)
  to   space 10752K, 0% used [0x00000000d9700000,0x00000000d9700000,0x00000000da180000)
 ParOldGen       total 62976K, used 9453K [0x0000000081600000, 0x0000000085380000, 0x00000000d5d00000)
  object space 62976K, 15% used [0x0000000081600000,0x0000000081f3b610,0x0000000085380000)
 Metaspace       used 25368K, capacity 26090K, committed 26240K, reserved 1071104K
  class space    used 3425K, capacity 3703K, committed 3712K, reserved 1048576K
}

